#
# A fatal error has been detected by the Java Runtime Environment:
#
#  EXCEPTION_ACCESS_VIOLATION (0xc0000005) at pc=0x00000000775def57, pid=5456, tid=6068
#
# JRE version: Java(TM) SE Runtime Environment (7.0_79-b15) (build 1.7.0_79-b15)
# Java VM: Java HotSpot(TM) 64-Bit Server VM (24.79-b02 mixed mode windows-amd64 compressed oops)
# Problematic frame:
# C  [ntdll.dll+0x4ef57]
#
# Failed to write core dump. Minidumps are not enabled by default on client versions of Windows
#
# If you would like to submit a bug report, please visit:
#   http://bugreport.java.com/bugreport/crash.jsp
# The crash happened outside the Java Virtual Machine in native code.
# See problematic frame for where to report the bug.
#

---------------  T H R E A D  ---------------

Current thread (0x0000000001d1e000):  JavaThread "main" [_thread_in_native, id=6068, stack(0x00000000024d0000,0x00000000025d0000)]

siginfo: ExceptionCode=0xc0000005, reading address 0xffffffffffffffff

Registers:
RAX=0x1b9523c800000001, RBX=0x0000000009e91da0, RCX=0x000000ffffffffff, RDX=0xdda97957a80a6571
RSP=0x00000000025cd1f0, RBP=0x0000000009d980c0, RSI=0x0000000000000001, RDI=0x53726568746f000a
R8 =0x0000000009d980b0, R9 =0x000000000cea78a0, R10=0x00000000025e2b84, R11=0x4c28300073636570
R12=0x0000000001d10000, R13=0x0000000100000001, R14=0xffffffff00007fff, R15=0x00000000ffff0000
RIP=0x00000000775def57, EFLAGS=0x0000000000010286

Top of Stack: (sp=0x00000000025cd1f0)
0x00000000025cd1f0:   00000000bae1f2a0 000000000000002a
0x00000000025cd200:   0000000001d1e000 00000000603a93d4
0x00000000025cd210:   00000000025cd238 0000000000000000
0x00000000025cd220:   000000000000002a 00000000ef38a828
0x00000000025cd230:   0000000001d1e000 00000000025cd3c0
0x00000000025cd240:   0000000000000000 00000000089be790
0x00000000025cd250:   000000000cea7850 00000000025cd388
0x00000000025cd260:   000000000cea78a0 0000000077491a0a
0x00000000025cd270:   0000000000000000 00000000bb02c6b8
0x00000000025cd280:   0000000000000000 00000000025e30e1
0x00000000025cd290:   00000000089be790 000000005fd88d94
0x00000000025cd2a0:   0000000002148fe0 0000000000000000
0x00000000025cd2b0:   00000000ef38a828 00000000025cd2b8
0x00000000025cd2c0:   000000000cea78a0 0000000060223a57
0x00000000025cd2d0:   00000000025cd2d0 0000000000000000
0x00000000025cd2e0:   000000000cea7850 00000000bb02f300 

Instructions: (pc=0x00000000775def57)
0x00000000775def37:   00 48 c1 e8 10 66 41 89 40 10 49 8b c0 48 2b c7
0x00000000775def47:   48 c1 e0 0c 48 25 00 00 ff ff 48 0b d0 48 8b 03
0x00000000775def57:   48 89 18 49 8b c3 f0 48 0f b1 53 10 75 b6 4c 8b
0x00000000775def67:   7c 24 40 4c 8b 74 24 48 4c 8b ac 24 88 00 00 00 


Register to memory mapping:

RAX=0x1b9523c800000001 is an unknown value
RBX=0x0000000009e91da0 is an unknown value
RCX=0x000000ffffffffff is an unknown value
RDX=0xdda97957a80a6571 is an unknown value
RSP=0x00000000025cd1f0 is pointing into the stack for thread: 0x0000000001d1e000
RBP=0x0000000009d980c0 is an unknown value
RSI=0x0000000000000001 is an unknown value
RDI=0x53726568746f000a is an unknown value
R8 =0x0000000009d980b0 is an unknown value
R9 =0x000000000cea78a0 is an unknown value
R10=0x00000000025e2b84 is at code_begin+644 in an Interpreter codelet
method entry point (kind = native)  [0x00000000025e2900, 0x00000000025e31a0]  2208 bytes
R11=0x4c28300073636570 is an unknown value
R12=0x0000000001d10000 is an unknown value
R13=0x0000000100000001 is an unknown value
R14=0xffffffff00007fff is an unknown value
R15=0x00000000ffff0000 is an unallocated location in the heap


Stack: [0x00000000024d0000,0x00000000025d0000],  sp=0x00000000025cd1f0,  free space=1012k
Native frames: (J=compiled Java code, j=interpreted, Vv=VM code, C=native code)
C  [ntdll.dll+0x4ef57]

Java frames: (J=compiled Java code, j=interpreted, Vv=VM code)
j  java.util.zip.ZipFile.freeEntry(JJ)V+0
j  java.util.zip.ZipFile.getEntry(Ljava/lang/String;)Ljava/util/zip/ZipEntry;+61
j  java.util.jar.JarFile.getEntry(Ljava/lang/String;)Ljava/util/zip/ZipEntry;+2
j  java.util.jar.JarFile.getJarEntry(Ljava/lang/String;)Ljava/util/jar/JarEntry;+2
j  sun.misc.URLClassPath$JarLoader.getResource(Ljava/lang/String;Z)Lsun/misc/Resource;+48
j  sun.misc.URLClassPath.getResource(Ljava/lang/String;Z)Lsun/misc/Resource;+53
j  java.net.URLClassLoader$1.run()Ljava/lang/Class;+26
j  java.net.URLClassLoader$1.run()Ljava/lang/Object;+1
v  ~StubRoutines::call_stub
j  java.security.AccessController.doPrivileged(Ljava/security/PrivilegedExceptionAction;Ljava/security/AccessControlContext;)Ljava/lang/Object;+0
j  java.net.URLClassLoader.findClass(Ljava/lang/String;)Ljava/lang/Class;+13
j  java.lang.ClassLoader.loadClass(Ljava/lang/String;Z)Ljava/lang/Class;+70
j  sun.misc.Launcher$AppClassLoader.loadClass(Ljava/lang/String;Z)Ljava/lang/Class;+36
j  java.lang.ClassLoader.loadClass(Ljava/lang/String;)Ljava/lang/Class;+3
v  ~StubRoutines::call_stub
j  com.android.dx.dex.code.DalvCode.finishProcessingIfNecessary()V+28
j  com.android.dx.dex.code.DalvCode.getInsns()Lcom/android/dx/dex/code/DalvInsnList;+1
j  com.android.dx.dex.file.CodeItem.place0(Lcom/android/dx/dex/file/Section;I)V+55
j  com.android.dx.dex.file.OffsettedItem.place(Lcom/android/dx/dex/file/Section;I)I+73
j  com.android.dx.dex.file.MixedItemSection.placeItems()V+94
j  com.android.dx.dex.file.DexFile.toDex0(ZZ)Lcom/android/dx/util/ByteArrayAnnotatedOutput;+195
j  com.android.dx.dex.file.DexFile.toDex(Ljava/io/Writer;Z)[B+13
j  com.android.dx.command.dexer.Main.writeDex(Lcom/android/dx/dex/file/DexFile;)[B+44
j  com.android.dx.command.dexer.Main.runMonoDex()I+106
j  com.android.dx.command.dexer.Main.run(Lcom/android/dx/command/dexer/Main$Arguments;)I+76
j  com.android.dx.command.dexer.Main.main([Ljava/lang/String;)V+14
j  com.android.dx.command.Main.main([Ljava/lang/String;)V+61
v  ~StubRoutines::call_stub

---------------  P R O C E S S  ---------------

Java Threads: ( => current thread )
  0x00000000089da000 JavaThread "Service Thread" daemon [_thread_blocked, id=6292, stack(0x000000000b730000,0x000000000b830000)]
  0x00000000089d8800 JavaThread "C2 CompilerThread1" daemon [_thread_blocked, id=5508, stack(0x000000000aab0000,0x000000000abb0000)]
  0x00000000089d5800 JavaThread "C2 CompilerThread0" daemon [_thread_blocked, id=5972, stack(0x000000000b460000,0x000000000b560000)]
  0x00000000089d2000 JavaThread "Attach Listener" daemon [_thread_blocked, id=824, stack(0x000000000b2a0000,0x000000000b3a0000)]
  0x00000000089d1000 JavaThread "Signal Dispatcher" daemon [_thread_blocked, id=5704, stack(0x000000000b190000,0x000000000b290000)]
  0x00000000089c1000 JavaThread "Finalizer" daemon [_thread_blocked, id=6304, stack(0x000000000b050000,0x000000000b150000)]
  0x0000000002179800 JavaThread "Reference Handler" daemon [_thread_blocked, id=5804, stack(0x000000000ae40000,0x000000000af40000)]
=>0x0000000001d1e000 JavaThread "main" [_thread_in_native, id=6068, stack(0x00000000024d0000,0x00000000025d0000)]

Other Threads:
  0x00000000089bd800 VMThread [stack: 0x000000000ac50000,0x000000000ad50000] [id=5180]
  0x00000000089df800 WatcherThread [stack: 0x000000000b900000,0x000000000ba00000] [id=5524]

VM state:not at safepoint (normal execution)

VM Mutex/Monitor currently owned by a thread: None

Heap
 PSYoungGen      total 296960K, used 100541K [0x00000000eaa80000, 0x00000000ff480000, 0x0000000100000000)
  eden space 266752K, 28% used [0x00000000eaa80000,0x00000000ef3b8d58,0x00000000faf00000)
  from space 30208K, 84% used [0x00000000fd000000,0x00000000fe8f68e8,0x00000000fed80000)
  to   space 33792K, 0% used [0x00000000faf00000,0x00000000faf00000,0x00000000fd000000)
 ParOldGen       total 87040K, used 47329K [0x00000000c0000000, 0x00000000c5500000, 0x00000000eaa80000)
  object space 87040K, 54% used [0x00000000c0000000,0x00000000c2e38460,0x00000000c5500000)
 PSPermGen       total 21504K, used 6220K [0x00000000bae00000, 0x00000000bc300000, 0x00000000c0000000)
  object space 21504K, 28% used [0x00000000bae00000,0x00000000bb413108,0x00000000bc300000)

Card table byte_map: [0x00000000055d0000,0x0000000005800000] byte_map_base: 0x0000000004ff9000

Polling page: 0x0000000000240000

Code Cache  [0x00000000025d0000, 0x00000000028e0000, 0x00000000055d0000)
 total_blobs=1078 nmethods=842 adapters=189 free_code_cache=46088Kb largest_free_block=47149376

Compilation events (10 events):
Event: 23.631 Thread 0x00000000089d5800 nmethod 862 0x00000000028bf790 code [0x00000000028bf8c0, 0x00000000028bf918]
Event: 23.631 Thread 0x00000000089d5800  863             com.android.dx.dex.file.CodeItem::itemType (4 bytes)
Event: 23.631 Thread 0x00000000089d5800 nmethod 863 0x00000000028bf590 code [0x00000000028bf6c0, 0x00000000028bf718]
Event: 23.631 Thread 0x00000000089d5800  864             java.lang.Enum::compareTo (44 bytes)
Event: 23.632 Thread 0x00000000089d5800 nmethod 864 0x00000000028bf310 code [0x00000000028bf440, 0x00000000028bf4d8]
Event: 23.632 Thread 0x00000000089d5800  865             com.android.dx.dex.file.MixedItemSection$1::compare (13 bytes)
Event: 23.633 Thread 0x00000000089d8800 nmethod 856 0x00000000028bb9d0 code [0x00000000028bbb60, 0x00000000028bbf38]
Event: 23.633 Thread 0x00000000089d8800  866             com.android.dx.dex.file.MixedItemSection$1::compare (18 bytes)
Event: 23.634 Thread 0x00000000089d8800 nmethod 866 0x00000000028befd0 code [0x00000000028bf120, 0x00000000028bf1d8]
Event: 23.635 Thread 0x00000000089d5800 nmethod 865 0x00000000028bb510 code [0x00000000028bb660, 0x00000000028bb798]

GC Heap History (10 events):
Event: 5.788 GC heap before
{Heap before GC invocations=2 (full 0):
 PSYoungGen      total 38912K, used 38745K [0x00000000eaa80000, 0x00000000ef680000, 0x0000000100000000)
  eden space 33792K, 100% used [0x00000000eaa80000,0x00000000ecb80000,0x00000000ecb80000)
  from space 5120K, 96% used [0x00000000ecb80000,0x00000000ed056770,0x00000000ed080000)
  to   space 5120K, 0% used [0x00000000ef180000,0x00000000ef180000,0x00000000ef680000)
 ParOldGen       total 87040K, used 0K [0x00000000c0000000, 0x00000000c5500000, 0x00000000eaa80000)
  object space 87040K, 0% used [0x00000000c0000000,0x00000000c0000000,0x00000000c5500000)
 PSPermGen       total 21504K, used 5903K [0x00000000bae00000, 0x00000000bc300000, 0x00000000c0000000)
  object space 21504K, 27% used [0x00000000bae00000,0x00000000bb3c3c00,0x00000000bc300000)
Event: 6.336 GC heap after
Heap after GC invocations=2 (full 0):
 PSYoungGen      total 72704K, used 5098K [0x00000000eaa80000, 0x00000000ef680000, 0x0000000100000000)
  eden space 67584K, 0% used [0x00000000eaa80000,0x00000000eaa80000,0x00000000eec80000)
  from space 5120K, 99% used [0x00000000ef180000,0x00000000ef67a8d0,0x00000000ef680000)
  to   space 5120K, 0% used [0x00000000eec80000,0x00000000eec80000,0x00000000ef180000)
 ParOldGen       total 87040K, used 2671K [0x00000000c0000000, 0x00000000c5500000, 0x00000000eaa80000)
  object space 87040K, 3% used [0x00000000c0000000,0x00000000c029bf40,0x00000000c5500000)
 PSPermGen       total 21504K, used 5903K [0x00000000bae00000, 0x00000000bc300000, 0x00000000c0000000)
  object space 21504K, 27% used [0x00000000bae00000,0x00000000bb3c3c00,0x00000000bc300000)
}
Event: 17.144 GC heap before
{Heap before GC invocations=3 (full 0):
 PSYoungGen      total 72704K, used 72682K [0x00000000eaa80000, 0x00000000ef680000, 0x0000000100000000)
  eden space 67584K, 100% used [0x00000000eaa80000,0x00000000eec80000,0x00000000eec80000)
  from space 5120K, 99% used [0x00000000ef180000,0x00000000ef67a8d0,0x00000000ef680000)
  to   space 5120K, 0% used [0x00000000eec80000,0x00000000eec80000,0x00000000ef180000)
 ParOldGen       total 87040K, used 2671K [0x00000000c0000000, 0x00000000c5500000, 0x00000000eaa80000)
  object space 87040K, 3% used [0x00000000c0000000,0x00000000c029bf40,0x00000000c5500000)
 PSPermGen       total 21504K, used 5974K [0x00000000bae00000, 0x00000000bc300000, 0x00000000c0000000)
  object space 21504K, 27% used [0x00000000bae00000,0x00000000bb3d59a8,0x00000000bc300000)
Event: 18.583 GC heap after
Heap after GC invocations=3 (full 0):
 PSYoungGen      total 72704K, used 5106K [0x00000000eaa80000, 0x00000000f3880000, 0x0000000100000000)
  eden space 67584K, 0% used [0x00000000eaa80000,0x00000000eaa80000,0x00000000eec80000)
  from space 5120K, 99% used [0x00000000eec80000,0x00000000ef17c8e0,0x00000000ef180000)
  to   space 5120K, 0% used [0x00000000f3380000,0x00000000f3380000,0x00000000f3880000)
 ParOldGen       total 87040K, used 14303K [0x00000000c0000000, 0x00000000c5500000, 0x00000000eaa80000)
  object space 87040K, 16% used [0x00000000c0000000,0x00000000c0df7c18,0x00000000c5500000)
 PSPermGen       total 21504K, used 5974K [0x00000000bae00000, 0x00000000bc300000, 0x00000000c0000000)
  object space 21504K, 27% used [0x00000000bae00000,0x00000000bb3d59a8,0x00000000bc300000)
}
Event: 19.385 GC heap before
{Heap before GC invocations=4 (full 0):
 PSYoungGen      total 72704K, used 72690K [0x00000000eaa80000, 0x00000000f3880000, 0x0000000100000000)
  eden space 67584K, 100% used [0x00000000eaa80000,0x00000000eec80000,0x00000000eec80000)
  from space 5120K, 99% used [0x00000000eec80000,0x00000000ef17c8e0,0x00000000ef180000)
  to   space 5120K, 0% used [0x00000000f3380000,0x00000000f3380000,0x00000000f3880000)
 ParOldGen       total 87040K, used 14303K [0x00000000c0000000, 0x00000000c5500000, 0x00000000eaa80000)
  object space 87040K, 16% used [0x00000000c0000000,0x00000000c0df7c18,0x00000000c5500000)
 PSPermGen       total 21504K, used 6014K [0x00000000bae00000, 0x00000000bc300000, 0x00000000c0000000)
  object space 21504K, 27% used [0x00000000bae00000,0x00000000bb3df840,0x00000000bc300000)
Event: 19.838 GC heap after
Heap after GC invocations=4 (full 0):
 PSYoungGen      total 140288K, used 5114K [0x00000000eaa80000, 0x00000000f3880000, 0x0000000100000000)
  eden space 135168K, 0% used [0x00000000eaa80000,0x00000000eaa80000,0x00000000f2e80000)
  from space 5120K, 99% used [0x00000000f3380000,0x00000000f387e968,0x00000000f3880000)
  to   space 5120K, 0% used [0x00000000f2e80000,0x00000000f2e80000,0x00000000f3380000)
 ParOldGen       total 87040K, used 26355K [0x00000000c0000000, 0x00000000c5500000, 0x00000000eaa80000)
  object space 87040K, 30% used [0x00000000c0000000,0x00000000c19bcc58,0x00000000c5500000)
 PSPermGen       total 21504K, used 6014K [0x00000000bae00000, 0x00000000bc300000, 0x00000000c0000000)
  object space 21504K, 27% used [0x00000000bae00000,0x00000000bb3df840,0x00000000bc300000)
}
Event: 21.095 GC heap before
{Heap before GC invocations=5 (full 0):
 PSYoungGen      total 140288K, used 140282K [0x00000000eaa80000, 0x00000000f3880000, 0x0000000100000000)
  eden space 135168K, 100% used [0x00000000eaa80000,0x00000000f2e80000,0x00000000f2e80000)
  from space 5120K, 99% used [0x00000000f3380000,0x00000000f387e968,0x00000000f3880000)
  to   space 5120K, 0% used [0x00000000f2e80000,0x00000000f2e80000,0x00000000f3380000)
 ParOldGen       total 87040K, used 26355K [0x00000000c0000000, 0x00000000c5500000, 0x00000000eaa80000)
  object space 87040K, 30% used [0x00000000c0000000,0x00000000c19bcc58,0x00000000c5500000)
 PSPermGen       total 21504K, used 6098K [0x00000000bae00000, 0x00000000bc300000, 0x00000000c0000000)
  object space 21504K, 28% used [0x00000000bae00000,0x00000000bb3f4af0,0x00000000bc300000)
Event: 21.251 GC heap after
Heap after GC invocations=5 (full 0):
 PSYoungGen      total 140288K, used 5105K [0x00000000eaa80000, 0x00000000fed80000, 0x0000000100000000)
  eden space 135168K, 0% used [0x00000000eaa80000,0x00000000eaa80000,0x00000000f2e80000)
  from space 5120K, 99% used [0x00000000f2e80000,0x00000000f337c518,0x00000000f3380000)
  to   space 30208K, 0% used [0x00000000fd000000,0x00000000fd000000,0x00000000fed80000)
 ParOldGen       total 87040K, used 47329K [0x00000000c0000000, 0x00000000c5500000, 0x00000000eaa80000)
  object space 87040K, 54% used [0x00000000c0000000,0x00000000c2e38460,0x00000000c5500000)
 PSPermGen       total 21504K, used 6098K [0x00000000bae00000, 0x00000000bc300000, 0x00000000c0000000)
  object space 21504K, 28% used [0x00000000bae00000,0x00000000bb3f4af0,0x00000000bc300000)
}
Event: 22.071 GC heap before
{Heap before GC invocations=6 (full 0):
 PSYoungGen      total 140288K, used 140273K [0x00000000eaa80000, 0x00000000fed80000, 0x0000000100000000)
  eden space 135168K, 100% used [0x00000000eaa80000,0x00000000f2e80000,0x00000000f2e80000)
  from space 5120K, 99% used [0x00000000f2e80000,0x00000000f337c518,0x00000000f3380000)
  to   space 30208K, 0% used [0x00000000fd000000,0x00000000fd000000,0x00000000fed80000)
 ParOldGen       total 87040K, used 47329K [0x00000000c0000000, 0x00000000c5500000, 0x00000000eaa80000)
  object space 87040K, 54% used [0x00000000c0000000,0x00000000c2e38460,0x00000000c5500000)
 PSPermGen       total 21504K, used 6121K [0x00000000bae00000, 0x00000000bc300000, 0x00000000c0000000)
  object space 21504K, 28% used [0x00000000bae00000,0x00000000bb3fa428,0x00000000bc300000)
Event: 22.139 GC heap after
Heap after GC invocations=6 (full 0):
 PSYoungGen      total 296960K, used 25562K [0x00000000eaa80000, 0x00000000ff480000, 0x0000000100000000)
  eden space 266752K, 0% used [0x00000000eaa80000,0x00000000eaa80000,0x00000000faf00000)
  from space 30208K, 84% used [0x00000000fd000000,0x00000000fe8f68e8,0x00000000fed80000)
  to   space 33792K, 0% used [0x00000000faf00000,0x00000000faf00000,0x00000000fd000000)
 ParOldGen       total 87040K, used 47329K [0x00000000c0000000, 0x00000000c5500000, 0x00000000eaa80000)
  object space 87040K, 54% used [0x00000000c0000000,0x00000000c2e38460,0x00000000c5500000)
 PSPermGen       total 21504K, used 6121K [0x00000000bae00000, 0x00000000bc300000, 0x00000000c0000000)
  object space 21504K, 28% used [0x00000000bae00000,0x00000000bb3fa428,0x00000000bc300000)
}

Deoptimization events (10 events):
Event: 20.979 Thread 0x0000000009eb9800 Uncommon trap: reason=bimorphic action=maybe_recompile pc=0x000000000272214c method=com.android.dx.ssa.LiteralOpUpgrader.tryReplacingWithConstant(Lcom/android/dx/ssa/NormalSsaInsn;)Z @ 62
Event: 21.027 Thread 0x0000000009eb9800 Uncommon trap: reason=unreached action=reinterpret pc=0x00000000027555cc method=com.android.dx.ssa.back.SsaToRop.convertBasicBlocks()Lcom/android/dx/rop/code/BasicBlockList; @ 33
Event: 21.328 Thread 0x0000000009e71000 Uncommon trap: reason=class_check action=maybe_recompile pc=0x000000000276582c method=com.android.dx.cf.code.Ropper.processBlock(Lcom/android/dx/cf/code/ByteBlock;Lcom/android/dx/cf/code/Frame;[I)V @ 777
Event: 21.613 Thread 0x0000000001d1e000 Uncommon trap: reason=class_check action=maybe_recompile pc=0x000000000276582c method=com.android.dx.cf.code.Ropper.processBlock(Lcom/android/dx/cf/code/ByteBlock;Lcom/android/dx/cf/code/Frame;[I)V @ 777
Event: 21.617 Thread 0x0000000001d1e000 Uncommon trap: reason=class_check action=maybe_recompile pc=0x000000000276582c method=com.android.dx.cf.code.Ropper.processBlock(Lcom/android/dx/cf/code/ByteBlock;Lcom/android/dx/cf/code/Frame;[I)V @ 777
Event: 22.428 Thread 0x0000000009edd800 Uncommon trap: reason=bimorphic action=maybe_recompile pc=0x00000000028736b4 method=com.android.dx.cf.code.BytecodeArray.parseInstruction(ILcom/android/dx/cf/code/BytecodeArray$Visitor;)I @ 1287
Event: 22.428 Thread 0x0000000009edd800 Uncommon trap: reason=bimorphic action=maybe_recompile pc=0x00000000028736b4 method=com.android.dx.cf.code.BytecodeArray.parseInstruction(ILcom/android/dx/cf/code/BytecodeArray$Visitor;)I @ 1287
Event: 22.781 Thread 0x0000000009edd800 Uncommon trap: reason=class_check action=maybe_recompile pc=0x000000000269a960 method=com.android.dx.ssa.SCCP.replaceConstants()V @ 127
Event: 22.810 Thread 0x0000000009edd800 Uncommon trap: reason=class_check action=maybe_recompile pc=0x000000000269a960 method=com.android.dx.ssa.SCCP.replaceConstants()V @ 127
Event: 23.624 Thread 0x0000000001d1e000 Uncommon trap: reason=class_check action=maybe_recompile pc=0x00000000028d6ae8 method=com.android.dx.dex.file.UniformItemSection.prepare0()V @ 6

Internal exceptions (10 events):
Event: 20.366 Thread 0x0000000009e71000 Implicit null exception at 0x00000000026c691c to 0x00000000026c6a29
Event: 21.027 Thread 0x0000000009eb9800 Implicit null exception at 0x000000000275495c to 0x00000000027555bd
Event: 22.862 Thread 0x0000000001d1e000 Threw 0x00000000eddb2b98 at C:\re\jdk7u79\2331\hotspot\src\share\vm\prims\jvm.cpp:1304
Event: 23.009 Thread 0x0000000001d1e000 Threw 0x00000000eec73e60 at C:\re\jdk7u79\2331\hotspot\src\share\vm\prims\jvm.cpp:1304
Event: 23.532 Thread 0x0000000001d1e000 Threw 0x00000000ef14e658 at C:\re\jdk7u79\2331\hotspot\src\share\vm\prims\jvm.cpp:1304
Event: 23.613 Thread 0x0000000001d1e000 Threw 0x00000000ef2f9d80 at C:\re\jdk7u79\2331\hotspot\src\share\vm\prims\jvm.cpp:1304
Event: 23.624 Thread 0x0000000001d1e000 Threw 0x00000000ef372c20 at C:\re\jdk7u79\2331\hotspot\src\share\vm\prims\jvm.cpp:1304
Event: 23.637 Thread 0x0000000001d1e000 Threw 0x00000000ef382720 at C:\re\jdk7u79\2331\hotspot\src\share\vm\prims\jvm.cpp:1304
Event: 23.638 Thread 0x0000000001d1e000 Threw 0x00000000ef385058 at C:\re\jdk7u79\2331\hotspot\src\share\vm\prims\jvm.cpp:1304
Event: 23.638 Thread 0x0000000001d1e000 Threw 0x00000000ef38a590 at C:\re\jdk7u79\2331\hotspot\src\share\vm\prims\jvm.cpp:1304

Events (10 events):
Event: 23.624 loading class 0x000000000880a630
Event: 23.624 loading class 0x000000000880a630 done
Event: 23.624 loading class 0x0000000009bc3da0
Event: 23.624 loading class 0x0000000009bc3da0 done
Event: 23.637 loading class 0x0000000009d979c0
Event: 23.637 loading class 0x0000000009d979c0 done
Event: 23.638 loading class 0x0000000009d97200
Event: 23.638 loading class 0x0000000009d97200 done
Event: 23.638 loading class 0x0000000009d97700
Event: 23.638 loading class 0x0000000009d97700 done


Dynamic libraries:
0x000000013fad0000 - 0x000000013fb03000 	C:\Program Files\Java\jdk1.7.0_79\bin\java.exe
0x0000000077590000 - 0x000000007773a000 	C:\Windows\SYSTEM32\ntdll.dll
0x0000000077470000 - 0x000000007758f000 	C:\Windows\system32\kernel32.dll
0x000007fefd3e0000 - 0x000007fefd44a000 	C:\Windows\system32\KERNELBASE.dll
0x000007feff540000 - 0x000007feff61b000 	C:\Windows\system32\ADVAPI32.dll
0x000007feff390000 - 0x000007feff42f000 	C:\Windows\system32\msvcrt.dll
0x000007feff880000 - 0x000007feff89f000 	C:\Windows\SYSTEM32\sechost.dll
0x000007feff650000 - 0x000007feff77d000 	C:\Windows\system32\RPCRT4.dll
0x0000000077370000 - 0x000000007746a000 	C:\Windows\system32\USER32.dll
0x000007fefec80000 - 0x000007fefece7000 	C:\Windows\system32\GDI32.dll
0x000007feff870000 - 0x000007feff87e000 	C:\Windows\system32\LPK.dll
0x000007fefe9d0000 - 0x000007fefea9a000 	C:\Windows\system32\USP10.dll
0x000007fefb780000 - 0x000007fefb974000 	C:\Windows\WinSxS\amd64_microsoft.windows.common-controls_6595b64144ccf1df_6.0.7601.18837_none_fa3b1e3d17594757\COMCTL32.dll
0x000007feff040000 - 0x000007feff0b1000 	C:\Windows\system32\SHLWAPI.dll
0x000007feff620000 - 0x000007feff64e000 	C:\Windows\system32\IMM32.DLL
0x000007feff430000 - 0x000007feff539000 	C:\Windows\system32\MSCTF.dll
0x000000005fd20000 - 0x000000005fdf2000 	C:\Program Files\Java\jdk1.7.0_79\jre\bin\msvcr100.dll
0x0000000060290000 - 0x0000000060a65000 	C:\Program Files\Java\jdk1.7.0_79\jre\bin\server\jvm.dll
0x000007fef9180000 - 0x000007fef9189000 	C:\Windows\system32\WSOCK32.dll
0x000007feff820000 - 0x000007feff86d000 	C:\Windows\system32\WS2_32.dll
0x000007fefd690000 - 0x000007fefd698000 	C:\Windows\system32\NSI.dll
0x000007fef9e30000 - 0x000007fef9e6b000 	C:\Windows\system32\WINMM.dll
0x0000000077750000 - 0x0000000077757000 	C:\Windows\system32\PSAPI.DLL
0x0000000060270000 - 0x000000006027f000 	C:\Program Files\Java\jdk1.7.0_79\jre\bin\verify.dll
0x0000000060240000 - 0x0000000060268000 	C:\Program Files\Java\jdk1.7.0_79\jre\bin\java.dll
0x0000000060220000 - 0x0000000060235000 	C:\Program Files\Java\jdk1.7.0_79\jre\bin\zip.dll
0x0000000060200000 - 0x000000006021a000 	C:\Program Files\Java\jdk1.7.0_79\jre\bin\net.dll
0x000007fefcab0000 - 0x000007fefcb05000 	C:\Windows\system32\mswsock.dll
0x000007fefcaa0000 - 0x000007fefcaa7000 	C:\Windows\System32\wship6.dll
0x00000000601e0000 - 0x00000000601f1000 	C:\Program Files\Java\jdk1.7.0_79\jre\bin\nio.dll
0x000007fef9410000 - 0x000007fef9535000 	C:\Windows\system32\dbghelp.dll

VM Arguments:
jvm_args: -Djava.awt.headless=true -Xmx1024M -Dfile.encoding=windows-1252 -Duser.country=DE -Duser.language=de -Duser.variant 
java_command: com.android.dx.command.Main --dex --num-threads=4 --output C:\Users\Sebastian\AndroidStudioProjects\DynamicConf\app\build\intermediates\pre-dexed\debug\com.android.support-support-v4-24.1.1_be9c6e3213a56af74731605934dfbba1bffec978.jar C:\Users\Sebastian\AndroidStudioProjects\DynamicConf\app\build\intermediates\exploded-aar\com.android.support\support-v4\24.1.1\jars\classes.jar
Launcher Type: SUN_STANDARD

Environment Variables:
PATH=c:\Program Files (x86)\NVIDIA Corporation\PhysX\Common;C:\Windows\system32;C:\Windows;C:\Windows\System32\Wbem;C:\Windows\System32\WindowsPowerShell\v1.0\;C:\Program Files (x86)\Microsoft SQL Server\100\Tools\Binn\;C:\Program Files\Microsoft SQL Server\100\Tools\Binn\;C:\Program Files\Microsoft SQL Server\100\DTS\Binn\;C:\Program Files (x86)\Toshiba\Bluetooth Toshiba Stack\sys\;C:\Program Files (x86)\Toshiba\Bluetooth Toshiba Stack\sys\x64\;C:\Windows\system32\config\systemprofile\.dnx\bin;C:\Program Files\Microsoft DNX\Dnvm\;C:\Program Files (x86)\Windows Kits\8.1\Windows Performance Toolkit\;C:\Program Files\Microsoft SQL Server\120\Tools\Binn\;C:\Program Files\Git\cmd
USERNAME=Sebastian
OS=Windows_NT
PROCESSOR_IDENTIFIER=Intel64 Family 6 Model 30 Stepping 5, GenuineIntel



---------------  S Y S T E M  ---------------

OS: Windows 7 , 64 bit Build 7601 Service Pack 1

CPU:total 8 (4 cores per cpu, 2 threads per core) family 6 model 30 stepping 5, cmov, cx8, fxsr, mmx, sse, sse2, sse3, ssse3, sse4.1, sse4.2, popcnt, ht, tsc, tscinvbit

Memory: 4k page, physical 8376812k(3900464k free), swap 16751764k(11374840k free)

vm_info: Java HotSpot(TM) 64-Bit Server VM (24.79-b02) for windows-amd64 JRE (1.7.0_79-b15), built on Apr 10 2015 12:36:16 by "java_re" with unknown MS VC++:1600

time: Sat Sep 17 16:05:10 2016
elapsed time: 23 seconds

