#
# A fatal error has been detected by the Java Runtime Environment:
#
#  EXCEPTION_ACCESS_VIOLATION (0xc0000005) at pc=0x0000000065e04cba, pid=5248, tid=1564
#
# JRE version: Java(TM) SE Runtime Environment (7.0_79-b15) (build 1.7.0_79-b15)
# Java VM: Java HotSpot(TM) 64-Bit Server VM (24.79-b02 mixed mode windows-amd64 compressed oops)
# Problematic frame:
# V  [jvm.dll+0x3a4cba]
#
# Failed to write core dump. Minidumps are not enabled by default on client versions of Windows
#
# If you would like to submit a bug report, please visit:
#   http://bugreport.java.com/bugreport/crash.jsp
#

---------------  T H R E A D  ---------------

Current thread (0x0000000008c2d800):  VMThread [stack: 0x000000000ad10000,0x000000000ae10000] [id=1564]

siginfo: ExceptionCode=0xc0000005, reading address 0xffffffffffffffff

Registers:
RAX=0xec2f4608ec32a228, RBX=0x00000000ec3630f8, RCX=0xec33b60800000007, RDX=0xec33b60800000000
RSP=0x000000000ae0f400, RBP=0x000000000000000c, RSI=0x0000000009db11c0, RDI=0x00000000ecb80900
R8 =0x00000000eb5980e0, R9 =0x1fffffffffffffff, R10=0x0000000000000000, R11=0x00000000c0530db8
R12=0x000000000217e9e0, R13=0xec2f4608ec32a228, R14=0x0000000000000000, R15=0x000000000bfa3990
RIP=0x0000000065e04cba, EFLAGS=0x0000000000010286

Top of Stack: (sp=0x000000000ae0f400)
0x000000000ae0f400:   00000000ec3aea88 0000000009db11c0
0x000000000ae0f410:   0000000009db11c0 0000000002480622
0x000000000ae0f420:   000000000ae0f530 0000000065c9e73c
0x000000000ae0f430:   00000000c0530048 0000000000000400
0x000000000ae0f440:   0000000000000000 000000000bfa3501
0x000000000ae0f450:   000000000217e9e0 0000000065e05030
0x000000000ae0f460:   00000000c052ab08 00000000000083b0
0x000000000ae0f470:   0000000009db11c0 00000000ecb80900
0x000000000ae0f480:   00000000c052ab08 0000000065e05a75
0x000000000ae0f490:   00000010dca5b701 000000000217e9e0
0x000000000ae0f4a0:   00000000c052ad88 0000000065e04f3e
0x000000000ae0f4b0:   00000000ec7a8ae8 0000000000000007
0x000000000ae0f4c0:   0000000009db11c0 0000000200000000
0x000000000ae0f4d0:   00000000022502f8 0000000100000000
0x000000000ae0f4e0:   00000000c05109f8 0000000000000400
0x000000000ae0f4f0:   0000000000000000 000000000bfa35f0 

Instructions: (pc=0x0000000065e04cba)
0x0000000065e04c9a:   48 83 c2 10 48 8b cb e8 4a be c9 ff 48 63 e8 41
0x0000000065e04caa:   0f b6 c5 f6 d0 a8 01 49 8b c5 74 06 48 83 e0 fd
0x0000000065e04cba:   8b 00 48 c1 e8 03 83 e0 0f 3b 05 4f b3 3b 00 0f
0x0000000065e04cca:   8d 2b 01 00 00 48 8b 7e 08 48 8d 04 ef 48 3b c7 


Register to memory mapping:

RAX=0xec2f4608ec32a228 is an unknown value
RBX=0x00000000ec3630f8 is an unknown value
RCX=0xec33b60800000007 is an unknown value
RDX=0xec33b60800000000 is an unknown value
RSP=0x000000000ae0f400 is an unknown value
RBP=0x000000000000000c is an unknown value
RSI=0x0000000009db11c0 is an unknown value
RDI=0x00000000ecb80900 is an unknown value
R8 =0x00000000eb5980e0 is an oop
com.android.dx.merge.IndexMap 
 - klass: 'com/android/dx/merge/IndexMap'
R9 =0x1fffffffffffffff is an unknown value
R10=0x0000000000000000 is an unknown value
R11=0x00000000c0530db8 is an oop
[B 
 - klass: {type array byte}
 - length: 704
R12=0x000000000217e9e0 is an unknown value
R13=0xec2f4608ec32a228 is an unknown value
R14=0x0000000000000000 is an unknown value
R15=0x000000000bfa3990 is an unknown value


Stack: [0x000000000ad10000,0x000000000ae10000],  sp=0x000000000ae0f400,  free space=1021k
Native frames: (J=compiled Java code, j=interpreted, Vv=VM code, C=native code)
V  [jvm.dll+0x3a4cba]

VM_Operation (0x000000000247efd0): ParallelGCFailedAllocation, mode: safepoint, requested by thread 0x000000000225f000


---------------  P R O C E S S  ---------------

Java Threads: ( => current thread )
  0x0000000009dfe800 JavaThread "Service Thread" daemon [_thread_blocked, id=3488, stack(0x000000000ba00000,0x000000000bb00000)]
  0x0000000009df9000 JavaThread "C2 CompilerThread1" daemon [_thread_blocked, id=132, stack(0x000000000b890000,0x000000000b990000)]
  0x0000000008c4c800 JavaThread "C2 CompilerThread0" daemon [_thread_blocked, id=5600, stack(0x000000000b690000,0x000000000b790000)]
  0x0000000008c4b800 JavaThread "Attach Listener" daemon [_thread_blocked, id=4116, stack(0x000000000b440000,0x000000000b540000)]
  0x0000000008c4b000 JavaThread "Signal Dispatcher" daemon [_thread_blocked, id=5548, stack(0x000000000b210000,0x000000000b310000)]
  0x0000000008c37000 JavaThread "Finalizer" daemon [_thread_blocked, id=4960, stack(0x000000000b090000,0x000000000b190000)]
  0x0000000008c30800 JavaThread "Reference Handler" daemon [_thread_blocked, id=4968, stack(0x000000000aec0000,0x000000000afc0000)]
  0x000000000225f000 JavaThread "main" [_thread_blocked, id=5620, stack(0x0000000002380000,0x0000000002480000)]

Other Threads:
=>0x0000000008c2d800 VMThread [stack: 0x000000000ad10000,0x000000000ae10000] [id=1564]
  0x0000000009e08000 WatcherThread [stack: 0x000000000b320000,0x000000000b420000] [id=5536]

VM state:at safepoint (normal execution)

VM Mutex/Monitor currently owned by a thread:  ([mutex/lock_event])
[0x000000000225d020] Threads_lock - owner thread: 0x0000000008c2d800
[0x000000000225d520] Heap_lock - owner thread: 0x000000000225f000

Heap
 PSYoungGen      total 38912K, used 33792K [0x00000000eaa80000, 0x00000000ed580000, 0x0000000100000000)
  eden space 33792K, 100% used [0x00000000eaa80000,0x00000000ecb80000,0x00000000ecb80000)
  from space 5120K, 0% used [0x00000000ed080000,0x00000000ed080000,0x00000000ed580000)
  to   space 5120K, 99% used [0x00000000ecb80000,0x00000000ed07e0d8,0x00000000ed080000)
 ParOldGen       total 87040K, used 5320K [0x00000000c0000000, 0x00000000c5500000, 0x00000000eaa80000)
  object space 87040K, 6% used [0x00000000c0000000,0x00000000c0532048,0x00000000c5500000)
 PSPermGen       total 21504K, used 4039K [0x00000000bae00000, 0x00000000bc300000, 0x00000000c0000000)
  object space 21504K, 18% used [0x00000000bae00000,0x00000000bb1f1d60,0x00000000bc300000)

Card table byte_map: [0x0000000005480000,0x00000000056b0000] byte_map_base: 0x0000000004ea9000

Polling page: 0x0000000000140000

Code Cache  [0x0000000002480000, 0x00000000026f0000, 0x0000000005480000)
 total_blobs=380 nmethods=163 adapters=170 free_code_cache=48497Kb largest_free_block=49638336

Compilation events (10 events):
Event: 0.815 Thread 0x0000000008c4c800 nmethod 161 0x0000000002515f90 code [0x00000000025160e0, 0x00000000025161b8]
Event: 0.815 Thread 0x0000000008c4c800  162             com.android.dex.MethodId::compareTo (58 bytes)
Event: 0.816 Thread 0x0000000008c4c800 nmethod 162 0x0000000002516750 code [0x0000000002516880, 0x0000000002516938]
Event: 0.816 Thread 0x0000000008c4c800  163 %           com.android.dx.merge.DexMerger$IdMerger::mergeSorted @ 228 (382 bytes)
Event: 0.821 Thread 0x0000000009df9000 nmethod 160 0x0000000002526690 code [0x0000000002526820, 0x0000000002526d28]
Event: 0.821 Thread 0x0000000009df9000  164             com.android.dex.MethodId::<init> (26 bytes)
Event: 0.822 Thread 0x0000000009df9000 nmethod 164 0x0000000002524d10 code [0x0000000002524e40, 0x0000000002524eb8]
Event: 0.822 Thread 0x0000000009df9000  165             com.android.dx.merge.DexMerger$6::read (8 bytes)
Event: 0.835 Thread 0x0000000009df9000 nmethod 165 0x0000000002524f10 code [0x00000000025250c0, 0x0000000002525748]
Event: 0.835 Thread 0x0000000009df9000  166             com.android.dx.merge.DexMerger$6::read (9 bytes)

GC Heap History (1 events):
Event: 0.836 GC heap before
{Heap before GC invocations=1 (full 0):
 PSYoungGen      total 38912K, used 33792K [0x00000000eaa80000, 0x00000000ed580000, 0x0000000100000000)
  eden space 33792K, 100% used [0x00000000eaa80000,0x00000000ecb80000,0x00000000ecb80000)
  from space 5120K, 0% used [0x00000000ed080000,0x00000000ed080000,0x00000000ed580000)
  to   space 5120K, 0% used [0x00000000ecb80000,0x00000000ecb80000,0x00000000ed080000)
 ParOldGen       total 87040K, used 0K [0x00000000c0000000, 0x00000000c5500000, 0x00000000eaa80000)
  object space 87040K, 0% used [0x00000000c0000000,0x00000000c0000000,0x00000000c5500000)
 PSPermGen       total 21504K, used 4039K [0x00000000bae00000, 0x00000000bc300000, 0x00000000c0000000)
  object space 21504K, 18% used [0x00000000bae00000,0x00000000bb1f1d60,0x00000000bc300000)

Deoptimization events (10 events):
Event: 0.557 Thread 0x000000000225f000 Uncommon trap: reason=class_check action=maybe_recompile pc=0x00000000024f1f80 method=java.util.TreeMap.getEntry(Ljava/lang/Object;)Ljava/util/TreeMap$Entry; @ 26
Event: 0.557 Thread 0x000000000225f000 Uncommon trap: reason=class_check action=maybe_recompile pc=0x00000000024e9e78 method=java.util.TreeMap.getEntry(Ljava/lang/Object;)Ljava/util/TreeMap$Entry; @ 26
Event: 0.557 Thread 0x000000000225f000 Uncommon trap: reason=class_check action=maybe_recompile pc=0x00000000024ed418 method=java.util.TreeMap.put(Ljava/lang/Object;Ljava/lang/Object;)Ljava/lang/Object; @ 127
Event: 0.557 Thread 0x000000000225f000 Uncommon trap: reason=class_check action=maybe_recompile pc=0x00000000024ed418 method=java.util.TreeMap.put(Ljava/lang/Object;Ljava/lang/Object;)Ljava/lang/Object; @ 127
Event: 0.667 Thread 0x000000000225f000 Uncommon trap: reason=predicate action=maybe_recompile pc=0x0000000002501378 method=java.util.TreeMap.getEntry(Ljava/lang/Object;)Ljava/util/TreeMap$Entry; @ 39
Event: 0.667 Thread 0x000000000225f000 Uncommon trap: reason=predicate action=maybe_recompile pc=0x000000000250a170 method=java.util.TreeMap.put(Ljava/lang/Object;Ljava/lang/Object;)Ljava/lang/Object; @ 132
Event: 0.760 Thread 0x000000000225f000 Uncommon trap: reason=bimorphic action=maybe_recompile pc=0x000000000251d274 method=com.android.dx.merge.DexMerger$IdMerger.mergeSorted()V @ 356
Event: 0.763 Thread 0x000000000225f000 Uncommon trap: reason=bimorphic action=maybe_recompile pc=0x000000000251d274 method=com.android.dx.merge.DexMerger$IdMerger.mergeSorted()V @ 356
Event: 0.767 Thread 0x000000000225f000 Uncommon trap: reason=bimorphic action=maybe_recompile pc=0x000000000251d274 method=com.android.dx.merge.DexMerger$IdMerger.mergeSorted()V @ 356
Event: 0.771 Thread 0x000000000225f000 Uncommon trap: reason=bimorphic action=maybe_recompile pc=0x000000000251d274 method=com.android.dx.merge.DexMerger$IdMerger.mergeSorted()V @ 356

Internal exceptions (10 events):
Event: 0.605 Thread 0x000000000225f000 Threw 0x00000000ec2c9a18 at C:\re\jdk7u79\2331\hotspot\src\share\vm\prims\jvm.cpp:1304
Event: 0.606 Thread 0x000000000225f000 Threw 0x00000000ec2ccc58 at C:\re\jdk7u79\2331\hotspot\src\share\vm\prims\jvm.cpp:1304
Event: 0.607 Thread 0x000000000225f000 Threw 0x00000000ec2cfe80 at C:\re\jdk7u79\2331\hotspot\src\share\vm\prims\jvm.cpp:1304
Event: 0.624 Thread 0x000000000225f000 Threw 0x00000000ec366028 at C:\re\jdk7u79\2331\hotspot\src\share\vm\prims\jvm.cpp:1304
Event: 0.666 Thread 0x000000000225f000 Threw 0x00000000ec3ad748 at C:\re\jdk7u79\2331\hotspot\src\share\vm\prims\jvm.cpp:1304
Event: 0.666 Thread 0x000000000225f000 Threw 0x00000000ec3b0cf0 at C:\re\jdk7u79\2331\hotspot\src\share\vm\prims\jvm.cpp:1304
Event: 0.722 Thread 0x000000000225f000 Threw 0x00000000ec4dead0 at C:\re\jdk7u79\2331\hotspot\src\share\vm\prims\jvm.cpp:1304
Event: 0.723 Thread 0x000000000225f000 Threw 0x00000000ec4e2078 at C:\re\jdk7u79\2331\hotspot\src\share\vm\prims\jvm.cpp:1304
Event: 0.778 Thread 0x000000000225f000 Threw 0x00000000ec7a4398 at C:\re\jdk7u79\2331\hotspot\src\share\vm\prims\jvm.cpp:1304
Event: 0.779 Thread 0x000000000225f000 Threw 0x00000000ec7a7b40 at C:\re\jdk7u79\2331\hotspot\src\share\vm\prims\jvm.cpp:1304

Events (10 events):
Event: 0.767 Thread 0x000000000225f000 DEOPT PACKING pc=0x000000000251d274 sp=0x000000000247f1f0
Event: 0.767 Thread 0x000000000225f000 DEOPT UNPACKING pc=0x00000000024b9064 sp=0x000000000247f1f8 mode 2
Event: 0.771 Thread 0x000000000225f000 Uncommon trap: trap_request=0xffffffc6 fr.pc=0x000000000251d274
Event: 0.771 Thread 0x000000000225f000 DEOPT PACKING pc=0x000000000251d274 sp=0x000000000247f1f0
Event: 0.771 Thread 0x000000000225f000 DEOPT UNPACKING pc=0x00000000024b9064 sp=0x000000000247f1f8 mode 2
Event: 0.778 loading class 0x0000000009ece5f0
Event: 0.778 loading class 0x0000000009ece5f0 done
Event: 0.779 loading class 0x0000000009ec96a0
Event: 0.779 loading class 0x0000000009ec96a0 done
Event: 0.836 Executing VM operation: ParallelGCFailedAllocation


Dynamic libraries:
0x000000013f4a0000 - 0x000000013f4d3000 	C:\Program Files\Java\jdk1.7.0_79\bin\java.exe
0x0000000076f70000 - 0x000000007711a000 	C:\Windows\SYSTEM32\ntdll.dll
0x0000000076e50000 - 0x0000000076f6f000 	C:\Windows\system32\kernel32.dll
0x000007fefcf80000 - 0x000007fefcfea000 	C:\Windows\system32\KERNELBASE.dll
0x000007fefd070000 - 0x000007fefd14b000 	C:\Windows\system32\ADVAPI32.dll
0x000007feff100000 - 0x000007feff19f000 	C:\Windows\system32\msvcrt.dll
0x000007fefd3b0000 - 0x000007fefd3cf000 	C:\Windows\SYSTEM32\sechost.dll
0x000007fefefc0000 - 0x000007feff0ed000 	C:\Windows\system32\RPCRT4.dll
0x0000000076d50000 - 0x0000000076e4a000 	C:\Windows\system32\USER32.dll
0x000007fefd310000 - 0x000007fefd377000 	C:\Windows\system32\GDI32.dll
0x000007feff0f0000 - 0x000007feff0fe000 	C:\Windows\system32\LPK.dll
0x000007fefd1f0000 - 0x000007fefd2ba000 	C:\Windows\system32\USP10.dll
0x000007fefb160000 - 0x000007fefb354000 	C:\Windows\WinSxS\amd64_microsoft.windows.common-controls_6595b64144ccf1df_6.0.7601.18837_none_fa3b1e3d17594757\COMCTL32.dll
0x000007fefed90000 - 0x000007fefee01000 	C:\Windows\system32\SHLWAPI.dll
0x000007fefd380000 - 0x000007fefd3ae000 	C:\Windows\system32\IMM32.DLL
0x000007fefe9b0000 - 0x000007fefeab9000 	C:\Windows\system32\MSCTF.dll
0x000000005ee50000 - 0x000000005ef22000 	C:\Program Files\Java\jdk1.7.0_79\jre\bin\msvcr100.dll
0x0000000065a60000 - 0x0000000066235000 	C:\Program Files\Java\jdk1.7.0_79\jre\bin\server\jvm.dll
0x000007fef9780000 - 0x000007fef9789000 	C:\Windows\system32\WSOCK32.dll
0x000007fefd2c0000 - 0x000007fefd30d000 	C:\Windows\system32\WS2_32.dll
0x000007fefe550000 - 0x000007fefe558000 	C:\Windows\system32\NSI.dll
0x000007fef9810000 - 0x000007fef984b000 	C:\Windows\system32\WINMM.dll
0x0000000077140000 - 0x0000000077147000 	C:\Windows\system32\PSAPI.DLL
0x000000006ea20000 - 0x000000006ea2f000 	C:\Program Files\Java\jdk1.7.0_79\jre\bin\verify.dll
0x0000000068150000 - 0x0000000068178000 	C:\Program Files\Java\jdk1.7.0_79\jre\bin\java.dll
0x0000000068130000 - 0x0000000068145000 	C:\Program Files\Java\jdk1.7.0_79\jre\bin\zip.dll
0x0000000068110000 - 0x000000006812a000 	C:\Program Files\Java\jdk1.7.0_79\jre\bin\net.dll
0x000007fefc490000 - 0x000007fefc4e5000 	C:\Windows\system32\mswsock.dll
0x000007fefc480000 - 0x000007fefc487000 	C:\Windows\System32\wship6.dll
0x00000000680f0000 - 0x0000000068101000 	C:\Program Files\Java\jdk1.7.0_79\jre\bin\nio.dll
0x000007fef8d70000 - 0x000007fef8e95000 	C:\Windows\system32\dbghelp.dll

VM Arguments:
jvm_args: -Djava.awt.headless=true -Xmx1024M -Dfile.encoding=windows-1252 -Duser.country=DE -Duser.language=de -Duser.variant 
java_command: com.android.dx.command.Main --dex --num-threads=4 --output C:\Users\Sebastian\AndroidStudioProjects\DynamicConf\app\build\intermediates\transforms\dex\debug\folders\1000\1f\main C:\Users\Sebastian\AndroidStudioProjects\DynamicConf\app\build\intermediates\pre-dexed\debug\support-annotations-24.1.1_8c21e4acb57d094e55d4fab9b9e797dcd404ea97.jar C:\Users\Sebastian\AndroidStudioProjects\DynamicConf\app\build\intermediates\pre-dexed\debug\com.android.support-animated-vector-drawable-24.1.1_538cd5a38122eee9e04a1f52d14b86b1dfc3b334.jar C:\Users\Sebastian\AndroidStudioProjects\DynamicConf\app\build\intermediates\pre-dexed\debug\com.android.support-support-vector-drawable-24.1.1_7eb23bfbb21041b9fee8c062245b414f90e72be4.jar C:\Users\Sebastian\AndroidStudioProjects\DynamicConf\app\build\intermediates\pre-dexed\debug\debug_9faa44acfaa5991637592d7cbc7a6a1f9ffd1b51.jar C:\Users\Sebastian\AndroidStudioProjects\DynamicConf\app\build\intermediates\pre-dexed\debug\internal_impl-24.1.1_712d9c615560736739d9edf3d7148e3b73ba6c72.jar C:\Users\Sebastian\AndroidStudioProjects\DynamicConf\app\build\intermediates\pre-dexed\debug\com.android.support-design-24.1.1_003979f614113ccb39b4263db4634483ac82c8d2.jar C:\Users\Sebastian\AndroidStudioProjects\DynamicConf\app\build\intermediates\pre-dexed\debug\com.android.support-recyclerview-v7-24.1.1_b4cacc24ff52e5d154166ef230a519361b78e4bb.jar C:\Users\Sebastian\AndroidStudioProjects\DynamicConf\app\build\intermediates\pre-dexed\debug\com.android.support-appcompat-v7-24.1.1_bca0b8e01753cd3986d220836628d2e76d9d0622.jar C:\Users\Sebastian\AndroidStudioProjects\DynamicConf\app\build\intermediates\pre-dexed\debug\com.android.support-support-v4-24.1.1_be9c6e3213a56af74731605934dfbba1bffec978.jar
Launcher Type: SUN_STANDARD

Environment Variables:
PATH=c:\Program Files (x86)\NVIDIA Corporation\PhysX\Common;C:\Windows\system32;C:\Windows;C:\Windows\System32\Wbem;C:\Windows\System32\WindowsPowerShell\v1.0\;C:\Program Files (x86)\Microsoft SQL Server\100\Tools\Binn\;C:\Program Files\Microsoft SQL Server\100\Tools\Binn\;C:\Program Files\Microsoft SQL Server\100\DTS\Binn\;C:\Program Files (x86)\Toshiba\Bluetooth Toshiba Stack\sys\;C:\Program Files (x86)\Toshiba\Bluetooth Toshiba Stack\sys\x64\;C:\Windows\system32\config\systemprofile\.dnx\bin;C:\Program Files\Microsoft DNX\Dnvm\;C:\Program Files (x86)\Windows Kits\8.1\Windows Performance Toolkit\;C:\Program Files\Microsoft SQL Server\120\Tools\Binn\;C:\Program Files\Git\cmd
USERNAME=Sebastian
OS=Windows_NT
PROCESSOR_IDENTIFIER=Intel64 Family 6 Model 30 Stepping 5, GenuineIntel



---------------  S Y S T E M  ---------------

OS: Windows 7 , 64 bit Build 7601 Service Pack 1

CPU:total 8 (4 cores per cpu, 2 threads per core) family 6 model 30 stepping 5, cmov, cx8, fxsr, mmx, sse, sse2, sse3, ssse3, sse4.1, sse4.2, popcnt, ht, tsc, tscinvbit

Memory: 4k page, physical 8376812k(4029964k free), swap 16751764k(11528876k free)

vm_info: Java HotSpot(TM) 64-Bit Server VM (24.79-b02) for windows-amd64 JRE (1.7.0_79-b15), built on Apr 10 2015 12:36:16 by "java_re" with unknown MS VC++:1600

time: Mon Sep 19 20:12:26 2016
elapsed time: 0 seconds

